<?xml version="1.0" encoding="utf-8"?><testsuites name="pytest tests"><testsuite name="pytest" errors="0" failures="0" skipped="0" tests="36" time="2.584" timestamp="2025-08-26T09:33:53.913023-04:00" hostname="Tams-MacBook-Pro.local"><testcase classname="unit.utils.test_phase3_command_parser.TestNaturalLanguageParser" name="test_parameter_extraction" time="0.056" /><testcase classname="unit.utils.test_mcp_integration_utils.TestConfigurationIntentDetector" name="test_detect_scorer_configuration" time="0.037" /><testcase classname="unit.utils.test_mcp_integration_utils.TestConfigurationIntentDetector" name="test_detect_dataset_operations" time="0.047" /><testcase classname="unit.utils.test_phase3_command_parser.TestNaturalLanguageParser" name="test_dataset_commands" time="0.064" /><testcase classname="unit.utils.test_phase3_command_parser.TestNaturalLanguageParser" name="test_explicit_help_command" time="0.067" /><testcase classname="unit.utils.test_phase3_command_parser.TestConfigurationIntentDetector" name="test_generator_intent_detection" time="0.048" /><testcase classname="unit.utils.test_mcp_integration_utils.TestConfigurationIntentDetector" name="test_detect_generator_creation" time="0.052" /><testcase classname="unit.utils.test_phase3_command_parser.TestConfigurationIntentDetector" name="test_dataset_intent_detection" time="0.051" /><testcase classname="unit.utils.test_mcp_integration_utils.TestMCPCommand" name="test_command_defaults" time="0.047" /><testcase classname="unit.utils.test_phase3_command_parser.TestNaturalLanguageParser" name="test_case_insensitive_parsing" time="0.064" /><testcase classname="unit.utils.test_mcp_integration_utils.TestNaturalLanguageParser" name="test_detect_mcp_intent" time="0.053" /><testcase classname="unit.utils.test_mcp_integration_utils.TestContextAnalyzer" name="test_analyze_security_context" time="0.050" /><testcase classname="unit.utils.test_mcp_integration_utils.TestConfigurationIntentDetector" name="test_extract_generator_params" time="0.019" /><testcase classname="unit.utils.test_mcp_integration_utils.TestContextAnalyzer" name="test_resource_tracking" time="0.049" /><testcase classname="unit.utils.test_mcp_integration_utils.TestNaturalLanguageParser" name="test_parse_unknown_command" time="0.055" /><testcase classname="unit.utils.test_mcp_integration_utils.TestNaturalLanguageParser" name="test_parse_dataset_commands" time="0.054" /><testcase classname="unit.utils.test_mcp_integration_utils.TestNaturalLanguageParser" name="test_parse_mcp_help_command" time="0.056" /><testcase classname="unit.utils.test_mcp_integration_utils.TestConfigurationIntentDetector" name="test_detect_orchestrator_setup" time="0.000" /><testcase classname="unit.utils.test_mcp_integration_utils.TestNaturalLanguageParser" name="test_get_command_suggestions" time="0.001" /><testcase classname="unit.utils.test_mcp_integration_utils.TestContextAnalyzer" name="test_detect_incomplete_workflow" time="0.001" /><testcase classname="unit.utils.test_phase3_command_parser.TestNaturalLanguageParser" name="test_analyze_commands" time="0.016" /><testcase classname="unit.utils.test_phase3_command_parser.TestConfigurationIntentDetector" name="test_extract_generator_params" time="0.019" /><testcase classname="unit.utils.test_mcp_integration_utils.TestContextAnalyzer" name="test_analyze_empty_context" time="0.001" /><testcase classname="unit.utils.test_mcp_integration_utils.TestNaturalLanguageParser" name="test_parse_enhance_commands" time="0.001" /><testcase classname="unit.utils.test_mcp_integration_utils.TestMCPCommand" name="test_command_creation" time="0.001" /><testcase classname="unit.utils.test_phase3_command_parser.TestConfigurationIntentDetector" name="test_no_intent_detection" time="0.001" /><testcase classname="unit.utils.test_mcp_integration_utils.TestNaturalLanguageParser" name="test_parse_test_commands" time="0.002" /><testcase classname="unit.utils.test_mcp_integration_utils.TestNaturalLanguageParser" name="test_extract_parameters" time="0.004" /><testcase classname="unit.utils.test_phase3_command_parser.TestConfigurationIntentDetector" name="test_orchestrator_intent_detection" time="0.001" /><testcase classname="unit.utils.test_phase3_command_parser.TestConfigurationIntentDetector" name="test_scorer_intent_detection" time="0.003" /><testcase classname="unit.utils.test_phase3_command_parser.TestNaturalLanguageParser" name="test_unknown_command" time="0.001" /><testcase classname="unit.utils.test_phase3_command_parser.TestNaturalLanguageParser" name="test_command_suggestions" time="0.001" /><testcase classname="unit.utils.test_phase3_command_parser.TestNaturalLanguageParser" name="test_enhance_commands" time="0.002" /><testcase classname="unit.utils.test_phase3_command_parser.TestNaturalLanguageParser" name="test_explicit_test_commands" time="0.001" /><testcase classname="unit.utils.test_phase3_command_parser.TestMCPCommandStructure" name="test_command_creation" time="0.001" /><testcase classname="unit.utils.test_phase3_command_parser.TestMCPCommandStructure" name="test_command_default_arguments" time="0.001" /></testsuite></testsuites>